WeightRecorder/proguard/seeds.txt
com.pigdogbay.weightrecorder.AboutActivity
com.pigdogbay.weightrecorder.AboutActivity: AboutActivity()
com.pigdogbay.weightrecorder.AddReadingActivity
com.pigdogbay.weightrecorder.AddReadingActivity: AddReadingActivity()
com.pigdogbay.weightrecorder.ChartActivity
com.pigdogbay.weightrecorder.ChartActivity: ChartActivity()
com.pigdogbay.weightrecorder.EditFragment
com.pigdogbay.weightrecorder.EditFragment: EditFragment()
com.pigdogbay.weightrecorder.EditReadingActivity
com.pigdogbay.weightrecorder.EditReadingActivity: EditReadingActivity()
com.pigdogbay.weightrecorder.HelpActivity
com.pigdogbay.weightrecorder.HelpActivity: HelpActivity()
com.pigdogbay.weightrecorder.ImportActivity
com.pigdogbay.weightrecorder.ImportActivity: ImportActivity()
com.pigdogbay.weightrecorder.MainActivity
com.pigdogbay.weightrecorder.MainActivity: MainActivity()
com.pigdogbay.weightrecorder.R$array: int background_colours
com.pigdogbay.weightrecorder.R$array: int background_colours_values
com.pigdogbay.weightrecorder.R$array: int length_units
com.pigdogbay.weightrecorder.R$array: int length_units_values
com.pigdogbay.weightrecorder.R$array: int weight_units
com.pigdogbay.weightrecorder.R$array: int weight_units_values
com.pigdogbay.weightrecorder.R$color: int pink
com.pigdogbay.weightrecorder.R$color: int report_field_title
com.pigdogbay.weightrecorder.R$color: int report_field_title_bg
com.pigdogbay.weightrecorder.R$color: int report_field_value
com.pigdogbay.weightrecorder.R$color: int report_field_value_bg
com.pigdogbay.weightrecorder.R$color: int report_header
com.pigdogbay.weightrecorder.R$color: int report_header_bg
com.pigdogbay.weightrecorder.R$color: int skyblue
com.pigdogbay.weightrecorder.R$color: int translucentred
com.pigdogbay.weightrecorder.R$drawable: int about
com.pigdogbay.weightrecorder.R$drawable: int android
com.pigdogbay.weightrecorder.R$drawable: int androidmail
com.pigdogbay.weightrecorder.R$drawable: int bggrey
com.pigdogbay.weightrecorder.R$drawable: int bglightpink
com.pigdogbay.weightrecorder.R$drawable: int bgpink
com.pigdogbay.weightrecorder.R$drawable: int bgskyblue
com.pigdogbay.weightrecorder.R$drawable: int blogger
com.pigdogbay.weightrecorder.R$drawable: int cashier
com.pigdogbay.weightrecorder.R$drawable: int f_logo
com.pigdogbay.weightrecorder.R$drawable: int help
com.pigdogbay.weightrecorder.R$drawable: int ic_action_search
com.pigdogbay.weightrecorder.R$drawable: int ic_launcher
com.pigdogbay.weightrecorder.R$drawable: int ic_menu_help
com.pigdogbay.weightrecorder.R$drawable: int ic_menu_home
com.pigdogbay.weightrecorder.R$drawable: int ic_menu_info_details
com.pigdogbay.weightrecorder.R$drawable: int ic_menu_share
com.pigdogbay.weightrecorder.R$drawable: int index_edit
com.pigdogbay.weightrecorder.R$drawable: int line_chart
com.pigdogbay.weightrecorder.R$drawable: int pigdogbay_banner
com.pigdogbay.weightrecorder.R$drawable: int presentation_chart
com.pigdogbay.weightrecorder.R$drawable: int skyblue
com.pigdogbay.weightrecorder.R$drawable: int tape_measure_add
com.pigdogbay.weightrecorder.R$drawable: int translucentred
com.pigdogbay.weightrecorder.R$drawable: int twitter
com.pigdogbay.weightrecorder.R$drawable: int white
...
android.support.v4.app.BackStackState
android.support.v4.app.BackStackState: android.os.Parcelable$Creator CREATOR
android.support.v4.app.Fragment: Fragment()
android.support.v4.app.Fragment$SavedState
android.support.v4.app.Fragment$SavedState: android.os.Parcelable$Creator CREATOR
android.support.v4.app.FragmentActivity: FragmentActivity()
android.support.v4.app.FragmentManagerState
android.support.v4.app.FragmentManagerState: android.os.Parcelable$Creator CREATOR
android.support.v4.app.FragmentState
android.support.v4.app.FragmentState: android.os.Parcelable$Creator CREATOR
android.support.v4.content.ModernAsyncTask$Status: android.support.v4.content.ModernAsyncTask$Status[] values()
android.support.v4.content.ModernAsyncTask$Status: android.support.v4.content.ModernAsyncTask$Status valueOf(java.lang.String)
android.support.v4.view.PagerTabStrip: void setTabIndicatorColor(int)
android.support.v4.view.PagerTabStrip: void setTabIndicatorColorResource(int)
android.support.v4.view.PagerTabStrip: int getTabIndicatorColor()
android.support.v4.view.PagerTabStrip: void setTextSpacing(int)
android.support.v4.view.PagerTabStrip: void setBackgroundDrawable(android.graphics.drawable.Drawable)
android.support.v4.view.PagerTabStrip: void setBackgroundColor(int)
android.support.v4.view.PagerTabStrip: void setBackgroundResource(int)
android.support.v4.view.PagerTabStrip: void setDrawFullUnderline(boolean)
android.support.v4.view.PagerTabStrip: boolean getDrawFullUnderline()
android.support.v4.view.PagerTabStrip: int getMinHeight()
android.support.v4.view.PagerTitleStrip: void setSingleLineAllCaps(android.widget.TextView)
android.support.v4.view.PagerTitleStrip: void setTextSpacing(int)
android.support.v4.view.PagerTitleStrip: int getTextSpacing()
android.support.v4.view.PagerTitleStrip: void setNonPrimaryAlpha(float)
android.support.v4.view.PagerTitleStrip: void setTextColor(int)
android.support.v4.view.PagerTitleStrip: void setGravity(int)
android.support.v4.view.PagerTitleStrip: int getMinHeight()
android.support.v4.view.ViewPager: void setScrollState(int)
android.support.v4.view.ViewPager: void setAdapter(android.support.v4.view.PagerAdapter)
android.support.v4.view.ViewPager: android.support.v4.view.PagerAdapter getAdapter()
android.support.v4.view.ViewPager: void setOnAdapterChangeListener(android.support.v4.view.ViewPager$OnAdapterChangeListener)
android.support.v4.view.ViewPager: void setCurrentItem(int)
android.support.v4.view.ViewPager: int getCurrentItem()
android.support.v4.view.ViewPager: void setOnPageChangeListener(android.support.v4.view.ViewPager$OnPageChangeListener)
android.support.v4.view.ViewPager: int getOffscreenPageLimit()
android.support.v4.view.ViewPager: void setOffscreenPageLimit(int)
android.support.v4.view.ViewPager: void setPageMargin(int)
android.support.v4.view.ViewPager: int getPageMargin()
android.support.v4.view.ViewPager: void setPageMarginDrawable(android.graphics.drawable.Drawable)
android.support.v4.view.ViewPager: void setPageMarginDrawable(int)
android.support.v4.view.ViewPager: void setScrollingCacheEnabled(boolean)
android.support.v4.view.ViewPager$SavedState
android.support.v4.view.ViewPager$SavedState: android.os.Parcelable$Creator CREATOR
com.android.vending.billing.IInAppBillingService
com.android.vending.billing.IInAppBillingService$Stub
com.android.vending.billing.IInAppBillingService$Stub$Proxy
com.google.ads.AdActivity
com.google.ads.AdActivity: AdActivity()
com.google.ads.AdActivity: void onClick(android.view.View)
com.google.ads.AdRequest$ErrorCode: com.google.ads.AdRequest$ErrorCode[] values()
com.google.ads.AdRequest$ErrorCode: com.google.ads.AdRequest$ErrorCode valueOf(java.lang.String)
com.google.ads.AdRequest$Gender: com.google.ads.AdRequest$Gender[] values()
com.google.ads.AdRequest$Gender: com.google.ads.AdRequest$Gender valueOf(java.lang.String)