WeightRecorder/proguard/mapping.txt
com.pigdogbay.weightrecorder.AboutActivity -> com.pigdogbay.weightrecorder.AboutActivity:
    void onCreate(android.os.Bundle) -> onCreate
    void RegisterIcon(int,int) -> a
    void ShowWebPage(java.lang.String) -> a
    void access$0(com.pigdogbay.weightrecorder.AboutActivity,java.lang.String) -> a
com.pigdogbay.weightrecorder.AboutActivity$1 -> com.pigdogbay.weightrecorder.a:
    com.pigdogbay.weightrecorder.AboutActivity this$0 -> a
    void onClick(android.view.View) -> onClick
com.pigdogbay.weightrecorder.AboutActivity$2 -> com.pigdogbay.weightrecorder.b:
    com.pigdogbay.weightrecorder.AboutActivity this$0 -> a
    void onClick(android.view.View) -> onClick
com.pigdogbay.weightrecorder.AboutActivity$3 -> com.pigdogbay.weightrecorder.c:
    com.pigdogbay.weightrecorder.AboutActivity this$0 -> a
    int val$stringID -> b
    void onClick(android.view.View) -> onClick
com.pigdogbay.weightrecorder.ActivitiesHelper -> com.pigdogbay.weightrecorder.d:
    void startImportActivity(android.app.Activity) -> a
    void showInfoDialog(android.content.Context,int,int) -> a
    void shareReadings(android.app.Activity) -> b
    void backupReadings(android.app.Activity) -> c
    java.io.File getLatestBackupFile(android.app.Activity) -> d
    void SendFile(android.app.Activity,java.io.File,java.lang.String,int) -> a
    void shareText(android.app.Activity,java.lang.String,java.lang.String,int) -> a
    void removeAds(android.app.Activity) -> e
    void setBackground(android.app.Activity,int,int) -> a
    void setBackground(android.app.Activity) -> f
    void setBackground(android.app.Activity,com.pigdogbay.weightrecorder.model.MainModel) -> a
com.pigdogbay.weightrecorder.ActivitiesHelper$1 -> com.pigdogbay.weightrecorder.e:
    void onClick(android.content.DialogInterface,int) -> onClick
com.pigdogbay.weightrecorder.AddReadingActivity -> com.pigdogbay.weightrecorder.AddReadingActivity:
    com.pigdogbay.weightrecorder.model.MainModel _MainModel -> m
    void onCreate(android.os.Bundle) -> onCreate
    boolean onCreateOptionsMenu(android.view.Menu) -> onCreateOptionsMenu
    boolean onOptionsItemSelected(android.view.MenuItem) -> onOptionsItemSelected
    void onEnterClick() -> f
    void onStart() -> onStart
    void onDestroy() -> onDestroy
    void loadPreferences() -> g
    void savePreferences() -> h
    void access$0(com.pigdogbay.weightrecorder.AddReadingActivity) -> a
com.pigdogbay.weightrecorder.AddReadingActivity$1 -> com.pigdogbay.weightrecorder.f:
    com.pigdogbay.weightrecorder.AddReadingActivity this$0 -> a
    void onClick(android.view.View) -> onClick
com.pigdogbay.weightrecorder.ChartActivity -> com.pigdogbay.weightrecorder.ChartActivity:
    int _Period -> a
    com.pigdogbay.weightrecorder.model.MainModel _MainModel -> b
    boolean _UseDummyReadings -> c
    void onCreate(android.os.Bundle) -> onCreate
    void onDestroy() -> onDestroy
    boolean onOptionsItemSelected(android.view.MenuItem) -> onOptionsItemSelected
    boolean onCreateOptionsMenu(android.view.Menu) -> onCreateOptionsMenu
    void createChart() -> a
    java.util.List createReadings() -> b
    void shareScreenShot() -> c
...
com.google.ads.mediation.MediationAdRequest -> com.google.ads.c.a:
    com.google.ads.AdRequest a -> a
    boolean b -> b
    boolean c -> c
com.google.ads.mediation.MediationAdapter -> com.google.ads.c.b:
    void destroy() -> a
    java.lang.Class getAdditionalParametersType() -> b
    java.lang.Class getServerParametersType() -> c
com.google.ads.mediation.MediationBannerAdapter -> com.google.ads.c.c:
    void requestBannerAd(com.google.ads.mediation.MediationBannerListener,android.app.Activity,com.google.ads.mediation.MediationServerParameters,com.google.ads.AdSize,com.google.ads.mediation.MediationAdRequest,com.google.ads.mediation.NetworkExtras) -> a
com.google.ads.mediation.MediationBannerListener -> com.google.ads.c.d:
com.google.ads.mediation.MediationInterstitialAdapter -> com.google.ads.c.e:
    void requestInterstitialAd(com.google.ads.mediation.MediationInterstitialListener,android.app.Activity,com.google.ads.mediation.MediationServerParameters,com.google.ads.mediation.MediationAdRequest,com.google.ads.mediation.NetworkExtras) -> a
com.google.ads.mediation.MediationInterstitialListener -> com.google.ads.c.f:
com.google.ads.mediation.MediationServerParameters -> com.google.ads.c.g:
    void load(java.util.Map) -> a
    void a() -> a
com.google.ads.mediation.MediationServerParameters$MappingException -> com.google.ads.c.h:
com.google.ads.mediation.MediationServerParameters$Parameter -> com.google.ads.c.i:
    java.lang.String name() -> a
    boolean required() -> b
com.google.ads.mediation.NetworkExtras -> com.google.ads.c.j:
com.google.ads.mediation.admob.AdMobAdapterExtras -> com.google.ads.c.a.a:
    boolean a -> a
    java.util.Map b -> b
    java.util.Map getExtras() -> d
    com.google.ads.mediation.admob.AdMobAdapterExtras clearExtras() -> c
com.google.ads.n -> com.google.ads.bt:
    com.google.ads.util.i$b a -> a
    com.google.ads.util.i$b b -> b
    com.google.ads.util.i$d c -> c
    com.google.ads.util.i$b d -> d
    com.google.ads.util.i$b e -> e
    com.google.ads.util.i$b f -> f
    com.google.ads.util.i$b g -> g
    com.google.ads.util.i$b h -> h
    com.google.ads.util.i$b i -> i
    com.google.ads.util.i$b j -> j
    com.google.ads.util.i$b k -> k
    com.google.ads.util.i$c l -> l
    com.google.ads.util.i$c m -> m
    com.google.ads.util.i$c n -> n
    com.google.ads.util.i$c o -> o
    com.google.ads.util.i$c p -> p
    com.google.ads.util.i$c q -> q
    com.google.ads.util.i$c r -> r
    com.google.ads.util.i$c s -> s
    com.google.ads.util.i$c t -> t
    boolean a() -> a
    boolean b() -> b
com.google.ads.o -> com.google.ads.bu:
    void a(com.google.ads.internal.d,java.util.HashMap,android.webkit.WebView) -> a
com.google.ads.p -> com.google.ads.bv:
    void a(com.google.ads.internal.d,java.util.HashMap,android.webkit.WebView) -> a
com.google.ads.q -> com.google.ads.bw:
    com.google.ads.internal.a a -> a
    void a(com.google.ads.internal.d,java.util.HashMap,android.webkit.WebView) -> a
com.google.ads.r -> com.google.ads.bx:
    void a(com.google.ads.internal.d,java.util.HashMap,android.webkit.WebView) -> a
com.google.ads.s -> com.google.ads.by:
    void a(com.google.ads.internal.d,java.util.HashMap,android.webkit.WebView) -> a
com.google.ads.searchads.SearchAdRequest -> com.google.ads.d.a:
    java.lang.String a -> b
    int b -> c
    int c -> d
    int d -> e
    int e -> f
    int f -> g
    int g -> h
    java.lang.String h -> i
    int i -> j
    int j -> k
    com.google.ads.searchads.SearchAdRequest$BorderType k -> l
    int l -> m
    java.lang.String m -> n
    java.util.Map getRequestMap(android.content.Context) -> a
    java.lang.String a(int) -> a